{"C:\\Users\\raphael.freitas\\Documents\\GitHub\\scrum-poker\\index.android.js": {"path":"C:\\Users\\raphael.freitas\\Documents\\GitHub\\scrum-poker\\index.android.js","statementMap":{"0":{"start":{"line":15,"column":4},"end":{"line":17,"column":6}},"1":{"start":{"line":20,"column":0},"end":{"line":20,"column":62}},"2":{"start":{"line":20,"column":50},"end":{"line":20,"column":60}}},"fnMap":{"0":{"name":"scrumPoker","decl":{"start":{"line":14,"column":24},"end":{"line":14,"column":34}},"loc":{"start":{"line":14,"column":37},"end":{"line":18,"column":1}}},"1":{"name":"(anonymous_1)","decl":{"start":{"line":20,"column":44},"end":{"line":20,"column":45}},"loc":{"start":{"line":20,"column":50},"end":{"line":20,"column":60}}}},"branchMap":{},"s":{"0":1,"1":1,"2":0},"f":{"0":1,"1":0},"b":{},"hash":"963aef9105cedcc9ba844229e97655a46c452232"}
,"C:\\Users\\raphael.freitas\\Documents\\GitHub\\scrum-poker\\index.ios.js": {"path":"C:\\Users\\raphael.freitas\\Documents\\GitHub\\scrum-poker\\index.ios.js","statementMap":{"0":{"start":{"line":17,"column":4},"end":{"line":30,"column":6}},"1":{"start":{"line":34,"column":15},"end":{"line":51,"column":2}},"2":{"start":{"line":53,"column":0},"end":{"line":53,"column":62}},"3":{"start":{"line":53,"column":50},"end":{"line":53,"column":60}}},"fnMap":{"0":{"name":"(anonymous_0)","decl":{"start":{"line":16,"column":2},"end":{"line":16,"column":3}},"loc":{"start":{"line":16,"column":11},"end":{"line":31,"column":3}}},"1":{"name":"(anonymous_1)","decl":{"start":{"line":53,"column":44},"end":{"line":53,"column":45}},"loc":{"start":{"line":53,"column":50},"end":{"line":53,"column":60}}}},"branchMap":{},"s":{"0":1,"1":1,"2":1,"3":0},"f":{"0":1,"1":0},"b":{},"hash":"ca4d17d7f2dd84dd8e5842980832079a164e43d0"}
,"C:\\Users\\raphael.freitas\\Documents\\GitHub\\scrum-poker\\App\\App.js": {"path":"C:\\Users\\raphael.freitas\\Documents\\GitHub\\scrum-poker\\App\\App.js","statementMap":{"0":{"start":{"line":5,"column":4},"end":{"line":11,"column":6}}},"fnMap":{"0":{"name":"App","decl":{"start":{"line":4,"column":24},"end":{"line":4,"column":27}},"loc":{"start":{"line":4,"column":30},"end":{"line":12,"column":1}}}},"branchMap":{},"s":{"0":1},"f":{"0":1},"b":{},"hash":"1af07016bba1b3fd787f7681e79fac7591142103"}
}
