TN:
SF:C:\Users\raphael.freitas\Documents\GitHub\scrum-poker\index.android.js
FN:14,scrumPoker
FN:20,(anonymous_1)
FNF:2
FNH:1
FNDA:1,scrumPoker
FNDA:0,(anonymous_1)
DA:15,1
DA:20,1
LF:2
LH:2
BRF:0
BRH:0
end_of_record
TN:
SF:C:\Users\raphael.freitas\Documents\GitHub\scrum-poker\index.ios.js
FN:16,(anonymous_0)
FN:53,(anonymous_1)
FNF:2
FNH:1
FNDA:1,(anonymous_0)
FNDA:0,(anonymous_1)
DA:17,1
DA:34,1
DA:53,1
LF:3
LH:3
BRF:0
BRH:0
end_of_record
TN:
SF:C:\Users\raphael.freitas\Documents\GitHub\scrum-poker\App\App.js
FN:4,App
FNF:1
FNH:1
FNDA:1,App
DA:5,1
LF:1
LH:1
BRF:0
BRH:0
end_of_record
